[debug] [2020-06-19T00:55:23.388Z] ----------------------------------------------------------------------
[debug] [2020-06-19T00:55:23.391Z] Command:       C:\Program Files\nodejs\node.exe C:\Users\alpha\AppData\Roaming\npm\node_modules\firebase-tools\lib\bin\firebase.js serve
[debug] [2020-06-19T00:55:23.392Z] CLI Version:   8.4.3
[debug] [2020-06-19T00:55:23.392Z] Platform:      win32
[debug] [2020-06-19T00:55:23.392Z] Node Version:  v12.16.1
[debug] [2020-06-19T00:55:23.424Z] Time:          Thu Jun 18 2020 19:55:23 GMT-0500 (GMT-05:00)
[debug] [2020-06-19T00:55:23.424Z] ----------------------------------------------------------------------
[debug] [2020-06-19T00:55:23.425Z] 
[debug] [2020-06-19T00:55:23.538Z] > command requires scopes: ["email","openid","https://www.googleapis.com/auth/cloudplatformprojects.readonly","https://www.googleapis.com/auth/firebase","https://www.googleapis.com/auth/cloud-platform"]
[debug] [2020-06-19T00:55:23.539Z] > authorizing via signed-in user
[debug] [2020-06-19T00:55:23.540Z] [iam] checking project tikinova-a9918 for permissions ["firebase.projects.get"]
[debug] [2020-06-19T00:55:23.544Z] >>> HTTP REQUEST POST https://cloudresourcemanager.googleapis.com/v1/projects/tikinova-a9918:testIamPermissions  
 {"permissions":["firebase.projects.get"]}
[debug] [2020-06-19T00:55:24.130Z] <<< HTTP RESPONSE 200 {"content-type":"application/json; charset=UTF-8","vary":"X-Origin, Referer, Origin,Accept-Encoding","date":"Fri, 19 Jun 2020 00:55:23 GMT","server":"ESF","cache-control":"private","x-xss-protection":"0","x-frame-options":"SAMEORIGIN","x-content-type-options":"nosniff","server-timing":"gfet4t7; dur=220","alt-svc":"h3-28=\":443\"; ma=2592000,h3-27=\":443\"; ma=2592000,h3-25=\":443\"; ma=2592000,h3-T050=\":443\"; ma=2592000,h3-Q050=\":443\"; ma=2592000,h3-Q049=\":443\"; ma=2592000,h3-Q048=\":443\"; ma=2592000,h3-Q046=\":443\"; ma=2592000,h3-Q043=\":443\"; ma=2592000,quic=\":443\"; ma=2592000; v=\"46,43\"","accept-ranges":"none","transfer-encoding":"chunked"}
[debug] [2020-06-19T00:55:24.132Z] >>> HTTP REQUEST GET https://firebase.googleapis.com/v1beta1/projects/tikinova-a9918  
 
[debug] [2020-06-19T00:55:24.503Z] <<< HTTP RESPONSE 200 {"content-type":"application/json; charset=UTF-8","vary":"X-Origin, Referer, Origin,Accept-Encoding","date":"Fri, 19 Jun 2020 00:55:24 GMT","server":"ESF","cache-control":"private","x-xss-protection":"0","x-frame-options":"SAMEORIGIN","x-content-type-options":"nosniff","alt-svc":"h3-28=\":443\"; ma=2592000,h3-27=\":443\"; ma=2592000,h3-25=\":443\"; ma=2592000,h3-T050=\":443\"; ma=2592000,h3-Q050=\":443\"; ma=2592000,h3-Q049=\":443\"; ma=2592000,h3-Q048=\":443\"; ma=2592000,h3-Q046=\":443\"; ma=2592000,h3-Q043=\":443\"; ma=2592000,quic=\":443\"; ma=2592000; v=\"46,43\"","accept-ranges":"none","transfer-encoding":"chunked"}
[info] 
[info] === Serving from 'C:\Users\alpha\Desktop\PROYECTO TIKINOVA\TikiNova'...
[info] 
[debug] [2020-06-19T00:55:24.512Z] >>> HTTP REQUEST GET https://firebase.googleapis.com/v1beta1/projects/tikinova-a9918/webApps/-/config  
 
[debug] [2020-06-19T00:55:25.154Z] <<< HTTP RESPONSE 200 {"content-type":"application/json; charset=UTF-8","vary":"X-Origin, Referer, Origin,Accept-Encoding","date":"Fri, 19 Jun 2020 00:55:25 GMT","server":"ESF","cache-control":"private","x-xss-protection":"0","x-frame-options":"SAMEORIGIN","x-content-type-options":"nosniff","alt-svc":"h3-28=\":443\"; ma=2592000,h3-27=\":443\"; ma=2592000,h3-25=\":443\"; ma=2592000,h3-T050=\":443\"; ma=2592000,h3-Q050=\":443\"; ma=2592000,h3-Q049=\":443\"; ma=2592000,h3-Q048=\":443\"; ma=2592000,h3-Q046=\":443\"; ma=2592000,h3-Q043=\":443\"; ma=2592000,quic=\":443\"; ma=2592000; v=\"46,43\"","accept-ranges":"none","transfer-encoding":"chunked"}
[info] i  hosting[ProyectoFinalTikiNova]: Serving hosting files from: dist/ProyectoFinalTikiNova {"metadata":{"emulator":{"name":"hosting"},"message":"Serving hosting files from: \u001b[1mdist/ProyectoFinalTikiNova\u001b[22m"}}
[info] +  hosting[ProyectoFinalTikiNova]: Local server: http://localhost:5000 {"metadata":{"emulator":{"name":"hosting"},"message":"Local server: \u001b[4m\u001b[1mhttp://localhost:5000\u001b[22m\u001b[24m"}}
[warn] !  Your requested "node" version "8" doesn't match your global version "12" {"metadata":{"emulator":{"name":"functions"},"message":"Your requested \"node\" version \"8\" doesn't match your global version \"12\""}}
[info] i  functions: Watching "C:\Users\alpha\Desktop\PROYECTO TIKINOVA\TikiNova\functions" for Cloud Functions... {"metadata":{"emulator":{"name":"functions"},"message":"Watching \"C:\\Users\\alpha\\Desktop\\PROYECTO TIKINOVA\\TikiNova\\functions\" for Cloud Functions..."}}
[debug] [2020-06-19T00:55:26.723Z] [worker-pool] addWorker(~diagnostic~) {"metadata":{"emulator":{"name":"functions"},"message":"[worker-pool] addWorker(~diagnostic~)"}}
[debug] [2020-06-19T00:55:26.724Z] [worker-pool] Adding worker with key ~diagnostic~, total=1 {"metadata":{"emulator":{"name":"functions"},"message":"[worker-pool] Adding worker with key ~diagnostic~, total=1"}}
[debug] [2020-06-19T00:55:26.724Z] [worker-pool] submitWork(triggerId=) {"metadata":{"emulator":{"name":"functions"},"message":"[worker-pool] submitWork(triggerId=)"}}
[debug] [2020-06-19T00:55:26.725Z] [worker-~diagnostic~-a8cd9ba9-fcf2-4f8c-a6e7-99a0a835676d]: Assigning socketPath: \\?\pipe\C:\Users\alpha\Desktop\PROYECTO TIKINOVA\TikiNova\functions\43788 {"metadata":{"emulator":{"name":"functions"},"message":"[worker-~diagnostic~-a8cd9ba9-fcf2-4f8c-a6e7-99a0a835676d]: Assigning socketPath: \\\\?\\pipe\\C:\\Users\\alpha\\Desktop\\PROYECTO TIKINOVA\\TikiNova\\functions\\43788"}}
[debug] [2020-06-19T00:55:26.726Z] [worker-~diagnostic~-a8cd9ba9-fcf2-4f8c-a6e7-99a0a835676d]: BUSY {"metadata":{"emulator":{"name":"functions"},"message":"[worker-~diagnostic~-a8cd9ba9-fcf2-4f8c-a6e7-99a0a835676d]: BUSY"}}
[debug] [2020-06-19T00:55:27.727Z] [runtime-status] [43788] Functions runtime initialized. {"cwd":"C:\\Users\\alpha\\Desktop\\PROYECTO TIKINOVA\\TikiNova\\functions","node_version":"12.16.1"} {"metadata":{"emulator":{"name":"functions"},"message":"[runtime-status] [43788] Functions runtime initialized. {\"cwd\":\"C:\\\\Users\\\\alpha\\\\Desktop\\\\PROYECTO TIKINOVA\\\\TikiNova\\\\functions\",\"node_version\":\"12.16.1\"}"}}
[debug] [2020-06-19T00:55:27.734Z] [runtime-status] [43788] Disabled runtime features: undefined {"metadata":{"emulator":{"name":"functions"},"message":"[runtime-status] [43788] Disabled runtime features: undefined"}}
[debug] [2020-06-19T00:55:27.759Z] [runtime-status] [43788] Resolved module firebase-admin {"declared":true,"installed":true,"version":"8.12.1","resolution":"C:\\Users\\alpha\\Desktop\\PROYECTO TIKINOVA\\TikiNova\\functions\\node_modules\\firebase-admin\\lib\\index.js"} {"metadata":{"emulator":{"name":"functions"},"message":"[runtime-status] [43788] Resolved module firebase-admin {\"declared\":true,\"installed\":true,\"version\":\"8.12.1\",\"resolution\":\"C:\\\\Users\\\\alpha\\\\Desktop\\\\PROYECTO TIKINOVA\\\\TikiNova\\\\functions\\\\node_modules\\\\firebase-admin\\\\lib\\\\index.js\"}"}}
[debug] [2020-06-19T00:55:27.777Z] [runtime-status] [43788] Resolved module firebase-functions {"declared":true,"installed":true,"version":"3.7.0","resolution":"C:\\Users\\alpha\\Desktop\\PROYECTO TIKINOVA\\TikiNova\\functions\\node_modules\\firebase-functions\\lib\\index.js"} {"metadata":{"emulator":{"name":"functions"},"message":"[runtime-status] [43788] Resolved module firebase-functions {\"declared\":true,\"installed\":true,\"version\":\"3.7.0\",\"resolution\":\"C:\\\\Users\\\\alpha\\\\Desktop\\\\PROYECTO TIKINOVA\\\\TikiNova\\\\functions\\\\node_modules\\\\firebase-functions\\\\lib\\\\index.js\"}"}}
[debug] [2020-06-19T00:55:27.780Z] [runtime-status] [43788] Outgoing network have been stubbed. [{"name":"http","status":"mocked"},{"name":"http","status":"mocked"},{"name":"https","status":"mocked"},{"name":"https","status":"mocked"},{"name":"net","status":"mocked"}] {"metadata":{"emulator":{"name":"functions"},"message":"[runtime-status] [43788] Outgoing network have been stubbed. [{\"name\":\"http\",\"status\":\"mocked\"},{\"name\":\"http\",\"status\":\"mocked\"},{\"name\":\"https\",\"status\":\"mocked\"},{\"name\":\"https\",\"status\":\"mocked\"},{\"name\":\"net\",\"status\":\"mocked\"}]"}}
[debug] [2020-06-19T00:55:27.781Z] [runtime-status] [43788] Resolved module firebase-functions {"declared":true,"installed":true,"version":"3.7.0","resolution":"C:\\Users\\alpha\\Desktop\\PROYECTO TIKINOVA\\TikiNova\\functions\\node_modules\\firebase-functions\\lib\\index.js"} {"metadata":{"emulator":{"name":"functions"},"message":"[runtime-status] [43788] Resolved module firebase-functions {\"declared\":true,\"installed\":true,\"version\":\"3.7.0\",\"resolution\":\"C:\\\\Users\\\\alpha\\\\Desktop\\\\PROYECTO TIKINOVA\\\\TikiNova\\\\functions\\\\node_modules\\\\firebase-functions\\\\lib\\\\index.js\"}"}}
[debug] [2020-06-19T00:55:28.022Z] [runtime-status] [43788] Checked functions.config() {"config":{}} {"metadata":{"emulator":{"name":"functions"},"message":"[runtime-status] [43788] Checked functions.config() {\"config\":{}}"}}
[debug] [2020-06-19T00:55:28.023Z] [runtime-status] [43788] firebase-functions has been stubbed. {"functionsResolution":{"declared":true,"installed":true,"version":"3.7.0","resolution":"C:\\Users\\alpha\\Desktop\\PROYECTO TIKINOVA\\TikiNova\\functions\\node_modules\\firebase-functions\\lib\\index.js"}} {"metadata":{"emulator":{"name":"functions"},"message":"[runtime-status] [43788] firebase-functions has been stubbed. {\"functionsResolution\":{\"declared\":true,\"installed\":true,\"version\":\"3.7.0\",\"resolution\":\"C:\\\\Users\\\\alpha\\\\Desktop\\\\PROYECTO TIKINOVA\\\\TikiNova\\\\functions\\\\node_modules\\\\firebase-functions\\\\lib\\\\index.js\"}}"}}
[debug] [2020-06-19T00:55:28.023Z] [runtime-status] [43788] Resolved module firebase-functions {"declared":true,"installed":true,"version":"3.7.0","resolution":"C:\\Users\\alpha\\Desktop\\PROYECTO TIKINOVA\\TikiNova\\functions\\node_modules\\firebase-functions\\lib\\index.js"} {"metadata":{"emulator":{"name":"functions"},"message":"[runtime-status] [43788] Resolved module firebase-functions {\"declared\":true,\"installed\":true,\"version\":\"3.7.0\",\"resolution\":\"C:\\\\Users\\\\alpha\\\\Desktop\\\\PROYECTO TIKINOVA\\\\TikiNova\\\\functions\\\\node_modules\\\\firebase-functions\\\\lib\\\\index.js\"}"}}
[debug] [2020-06-19T00:55:28.026Z] [runtime-status] [43788] Resolved module firebase-admin {"declared":true,"installed":true,"version":"8.12.1","resolution":"C:\\Users\\alpha\\Desktop\\PROYECTO TIKINOVA\\TikiNova\\functions\\node_modules\\firebase-admin\\lib\\index.js"} {"metadata":{"emulator":{"name":"functions"},"message":"[runtime-status] [43788] Resolved module firebase-admin {\"declared\":true,\"installed\":true,\"version\":\"8.12.1\",\"resolution\":\"C:\\\\Users\\\\alpha\\\\Desktop\\\\PROYECTO TIKINOVA\\\\TikiNova\\\\functions\\\\node_modules\\\\firebase-admin\\\\lib\\\\index.js\"}"}}
[debug] [2020-06-19T00:55:28.027Z] [runtime-status] [43788] Resolved module firebase-functions {"declared":true,"installed":true,"version":"3.7.0","resolution":"C:\\Users\\alpha\\Desktop\\PROYECTO TIKINOVA\\TikiNova\\functions\\node_modules\\firebase-functions\\lib\\index.js"} {"metadata":{"emulator":{"name":"functions"},"message":"[runtime-status] [43788] Resolved module firebase-functions {\"declared\":true,\"installed\":true,\"version\":\"3.7.0\",\"resolution\":\"C:\\\\Users\\\\alpha\\\\Desktop\\\\PROYECTO TIKINOVA\\\\TikiNova\\\\functions\\\\node_modules\\\\firebase-functions\\\\lib\\\\index.js\"}"}}
[debug] [2020-06-19T00:55:28.027Z] [runtime-status] [43788] firebase-admin has been stubbed. {"adminResolution":{"declared":true,"installed":true,"version":"8.12.1","resolution":"C:\\Users\\alpha\\Desktop\\PROYECTO TIKINOVA\\TikiNova\\functions\\node_modules\\firebase-admin\\lib\\index.js"}} {"metadata":{"emulator":{"name":"functions"},"message":"[runtime-status] [43788] firebase-admin has been stubbed. {\"adminResolution\":{\"declared\":true,\"installed\":true,\"version\":\"8.12.1\",\"resolution\":\"C:\\\\Users\\\\alpha\\\\Desktop\\\\PROYECTO TIKINOVA\\\\TikiNova\\\\functions\\\\node_modules\\\\firebase-admin\\\\lib\\\\index.js\"}}"}}
[debug] [2020-06-19T00:55:28.064Z] [worker-~diagnostic~-a8cd9ba9-fcf2-4f8c-a6e7-99a0a835676d]: IDLE {"metadata":{"emulator":{"name":"functions"},"message":"[worker-~diagnostic~-a8cd9ba9-fcf2-4f8c-a6e7-99a0a835676d]: IDLE"}}
